2023-03-01 23:44:40,495 INFO o.a.j.u.JMeterUtils: Setting Locale to en_US
2023-03-01 23:44:40,520 INFO o.a.j.JMeter: Loading system properties from: system.properties
2023-03-01 23:44:40,520 INFO o.a.j.JMeter: Setting System property: sun.net.http.allowRestrictedHeaders=true
2023-03-01 23:44:40,532 INFO o.a.j.JMeter: Copyright (c) 1998-2022 The Apache Software Foundation
2023-03-01 23:44:40,532 INFO o.a.j.JMeter: Version 5.5
2023-03-01 23:44:40,533 INFO o.a.j.JMeter: java.version=1.8.0_92
2023-03-01 23:44:40,533 INFO o.a.j.JMeter: java.vm.name=Java HotSpot(TM) 64-Bit Server VM
2023-03-01 23:44:40,533 INFO o.a.j.JMeter: os.name=Windows 10
2023-03-01 23:44:40,533 INFO o.a.j.JMeter: os.arch=amd64
2023-03-01 23:44:40,533 INFO o.a.j.JMeter: os.version=10.0
2023-03-01 23:44:40,533 INFO o.a.j.JMeter: file.encoding=Cp1252
2023-03-01 23:44:40,533 INFO o.a.j.JMeter: java.awt.headless=true
2023-03-01 23:44:40,533 INFO o.a.j.JMeter: Max memory     =514850816
2023-03-01 23:44:40,533 INFO o.a.j.JMeter: Available Processors =8
2023-03-01 23:44:40,542 INFO o.a.j.JMeter: Default Locale=English (United States)
2023-03-01 23:44:40,544 INFO o.a.j.JMeter: JMeter  Locale=English (United States)
2023-03-01 23:44:40,544 INFO o.a.j.JMeter: JMeterHome=C:\Users\vinod_kammara\Downloads\MOONPAGE-PROJECT-master\MOONPAGE-PROJECT-master\target\6efcf619-03ef-4b6b-bb89-254470cc7a29\jmeter
2023-03-01 23:44:40,544 INFO o.a.j.JMeter: user.dir  =C:\Users\vinod_kammara\Downloads\MOONPAGE-PROJECT-master\MOONPAGE-PROJECT-master\target\6efcf619-03ef-4b6b-bb89-254470cc7a29\jmeter\bin
2023-03-01 23:44:40,544 INFO o.a.j.JMeter: PWD       =C:\Users\vinod_kammara\Downloads\MOONPAGE-PROJECT-master\MOONPAGE-PROJECT-master\target\6efcf619-03ef-4b6b-bb89-254470cc7a29\jmeter\bin
2023-03-01 23:44:40,554 INFO o.a.j.JMeter: IP: 192.168.1.5 Name: ARPGL006737 FullName: ARPGL006737.persistent.co.in
2023-03-01 23:44:40,582 INFO o.a.j.s.FileServer: Default base='C:\Users\vinod_kammara\Downloads\MOONPAGE-PROJECT-master\MOONPAGE-PROJECT-master\target\6efcf619-03ef-4b6b-bb89-254470cc7a29\jmeter\bin'
2023-03-01 23:44:40,584 INFO o.a.j.s.FileServer: Set new base='C:\Users\vinod_kammara\Downloads\MOONPAGE-PROJECT-master\MOONPAGE-PROJECT-master\target\jmeter\testFiles'
2023-03-01 23:44:40,747 INFO o.a.j.s.SaveService: Testplan (JMX) version: 2.2. Testlog (JTL) version: 2.2
2023-03-01 23:44:40,763 INFO o.a.j.s.SaveService: Using SaveService properties file encoding UTF-8
2023-03-01 23:44:40,766 INFO o.a.j.s.SaveService: Using SaveService properties version 5.0
2023-03-01 23:44:40,774 INFO o.a.j.s.SaveService: Loading file: C:\Users\vinod_kammara\Downloads\MOONPAGE-PROJECT-master\MOONPAGE-PROJECT-master\target\jmeter\testFiles\jmeter-example.jmx
2023-03-01 23:44:40,809 INFO o.a.j.p.h.c.CookieManager: Settings: Delete null: true Check: true Allow variable: true Save: false Prefix: COOKIE_
2023-03-01 23:44:40,811 INFO o.a.j.p.h.c.CacheManager: Will only cache the following methods: [GET]
2023-03-01 23:44:40,826 INFO o.a.j.p.h.s.HTTPSamplerBase: Parser for text/html is org.apache.jmeter.protocol.http.parser.LagartoBasedHtmlParser
2023-03-01 23:44:40,826 INFO o.a.j.p.h.s.HTTPSamplerBase: Parser for application/xhtml+xml is org.apache.jmeter.protocol.http.parser.LagartoBasedHtmlParser
2023-03-01 23:44:40,826 INFO o.a.j.p.h.s.HTTPSamplerBase: Parser for application/xml is org.apache.jmeter.protocol.http.parser.LagartoBasedHtmlParser
2023-03-01 23:44:40,826 INFO o.a.j.p.h.s.HTTPSamplerBase: Parser for text/xml is org.apache.jmeter.protocol.http.parser.LagartoBasedHtmlParser
2023-03-01 23:44:40,826 INFO o.a.j.p.h.s.HTTPSamplerBase: Parser for text/vnd.wap.wml is org.apache.jmeter.protocol.http.parser.RegexpHTMLParser
2023-03-01 23:44:40,831 INFO o.a.j.p.h.s.HTTPSamplerBase: Parser for text/css is org.apache.jmeter.protocol.http.parser.CssParser
2023-03-01 23:44:41,169 INFO o.a.j.JMeter: Creating summariser <summary>
2023-03-01 23:44:41,182 INFO o.a.j.e.StandardJMeterEngine: Running the test!
2023-03-01 23:44:41,183 INFO o.a.j.s.SampleEvent: List of sample_variables: []
2023-03-01 23:44:41,183 INFO o.a.j.s.SampleEvent: List of sample_variables: []
2023-03-01 23:44:41,191 INFO o.a.j.e.u.CompoundVariable: Note: Function class names must contain the string: '.functions.'
2023-03-01 23:44:41,191 INFO o.a.j.e.u.CompoundVariable: Note: Function class names must not contain the string: '.gui.'
2023-03-01 23:44:41,633 INFO o.a.j.JMeter: Running test (1677694481633)
2023-03-01 23:44:41,714 INFO o.a.j.e.StandardJMeterEngine: Starting ThreadGroup: 1 : Thread Group
2023-03-01 23:44:41,714 INFO o.a.j.e.StandardJMeterEngine: Starting 50 threads for group Thread Group.
2023-03-01 23:44:41,714 INFO o.a.j.e.StandardJMeterEngine: Thread will continue on error
2023-03-01 23:44:41,714 INFO o.a.j.t.ThreadGroup: Starting thread group... number=1 threads=50 ramp-up=30 delayedStart=false
2023-03-01 23:44:41,724 INFO o.a.j.t.JMeterThread: Thread started: Thread Group 1-1
2023-03-01 23:44:41,745 INFO o.a.j.t.ThreadGroup: Started thread group number 1
2023-03-01 23:44:41,745 INFO o.a.j.e.StandardJMeterEngine: All thread groups have been started
2023-03-01 23:44:42,321 INFO o.a.j.t.JMeterThread: Thread started: Thread Group 1-2
2023-03-01 23:44:42,788 INFO o.a.j.p.h.s.HTTPHCAbstractImpl: Local host = ARPGL006737
2023-03-01 23:44:42,795 INFO o.a.j.p.h.s.HTTPHC4Impl: HTTP request retry count = 0
2023-03-01 23:44:42,796 INFO o.a.j.s.SampleResult: Note: Sample TimeStamps are START times
2023-03-01 23:44:42,796 INFO o.a.j.s.SampleResult: sampleresult.default.encoding is set to ISO-8859-1
2023-03-01 23:44:42,796 INFO o.a.j.s.SampleResult: sampleresult.useNanoTime=true
2023-03-01 23:44:42,797 INFO o.a.j.s.SampleResult: sampleresult.nanoThreadSleep=5000
2023-03-01 23:44:42,919 INFO o.a.j.t.JMeterThread: Thread started: Thread Group 1-3
2023-03-01 23:44:43,100 INFO o.a.j.p.h.s.h.LazyLayeredConnectionSocketFactory: Setting up HTTPS TrustAll Socket Factory
2023-03-01 23:44:43,133 INFO o.a.j.u.JsseSSLManager: Using default SSL protocol: TLS
2023-03-01 23:44:43,134 INFO o.a.j.u.JsseSSLManager: SSL session context: per-thread
2023-03-01 23:44:43,211 INFO o.a.j.u.SSLManager: JmeterKeyStore Location:  type JKS
2023-03-01 23:44:43,214 INFO o.a.j.u.SSLManager: KeyStore created OK
2023-03-01 23:44:43,214 WARN o.a.j.u.SSLManager: Keystore file not found, loading empty keystore
2023-03-01 23:44:43,520 INFO o.a.j.t.JMeterThread: Thread started: Thread Group 1-4
2023-03-01 23:44:44,119 INFO o.a.j.t.JMeterThread: Thread started: Thread Group 1-5
2023-03-01 23:44:44,719 INFO o.a.j.t.JMeterThread: Thread started: Thread Group 1-6
2023-03-01 23:44:45,320 INFO o.a.j.t.JMeterThread: Thread started: Thread Group 1-7
2023-03-01 23:44:45,755 INFO o.a.j.p.h.p.BaseParser: Created org.apache.jmeter.protocol.http.parser.LagartoBasedHtmlParser
2023-03-01 23:44:45,755 INFO o.a.j.p.h.p.BaseParser: Created org.apache.jmeter.protocol.http.parser.LagartoBasedHtmlParser
2023-03-01 23:44:45,918 INFO o.a.j.t.JMeterThread: Thread started: Thread Group 1-8
2023-03-01 23:44:46,518 INFO o.a.j.t.JMeterThread: Thread started: Thread Group 1-9
2023-03-01 23:44:47,130 INFO o.a.j.t.JMeterThread: Thread started: Thread Group 1-10
2023-03-01 23:44:47,730 INFO o.a.j.t.JMeterThread: Thread started: Thread Group 1-11
2023-03-01 23:44:48,320 INFO o.a.j.t.JMeterThread: Thread started: Thread Group 1-12
2023-03-01 23:44:48,931 INFO o.a.j.t.JMeterThread: Thread started: Thread Group 1-13
2023-03-01 23:44:49,526 INFO o.a.j.t.JMeterThread: Thread started: Thread Group 1-14
2023-03-01 23:44:50,132 INFO o.a.j.t.JMeterThread: Thread started: Thread Group 1-15
2023-03-01 23:44:50,736 INFO o.a.j.t.JMeterThread: Thread started: Thread Group 1-16
2023-03-01 23:44:51,330 INFO o.a.j.t.JMeterThread: Thread started: Thread Group 1-17
2023-03-01 23:44:51,932 INFO o.a.j.t.JMeterThread: Thread started: Thread Group 1-18
2023-03-01 23:44:52,523 INFO o.a.j.t.JMeterThread: Thread started: Thread Group 1-19
2023-03-01 23:44:53,121 INFO o.a.j.t.JMeterThread: Thread started: Thread Group 1-20
2023-03-01 23:44:53,721 INFO o.a.j.t.JMeterThread: Thread started: Thread Group 1-21
2023-03-01 23:44:54,319 INFO o.a.j.t.JMeterThread: Thread started: Thread Group 1-22
2023-03-01 23:44:54,915 INFO o.a.j.t.JMeterThread: Thread started: Thread Group 1-23
2023-03-01 23:44:55,517 INFO o.a.j.t.JMeterThread: Thread started: Thread Group 1-24
2023-03-01 23:44:56,117 INFO o.a.j.t.JMeterThread: Thread started: Thread Group 1-25
2023-03-01 23:44:56,716 INFO o.a.j.t.JMeterThread: Thread started: Thread Group 1-26
2023-03-01 23:44:57,317 INFO o.a.j.t.JMeterThread: Thread started: Thread Group 1-27
2023-03-01 23:44:57,918 INFO o.a.j.t.JMeterThread: Thread started: Thread Group 1-28
2023-03-01 23:44:58,516 INFO o.a.j.t.JMeterThread: Thread started: Thread Group 1-29
2023-03-01 23:44:59,115 INFO o.a.j.t.JMeterThread: Thread started: Thread Group 1-30
2023-03-01 23:44:59,715 INFO o.a.j.t.JMeterThread: Thread started: Thread Group 1-31
2023-03-01 23:45:00,045 INFO o.a.j.r.Summariser: summary +     45 in 00:00:18 =    2.4/s Avg:   860 Min:   546 Max:  2873 Err:     0 (0.00%) Active: 31 Started: 31 Finished: 0
2023-03-01 23:45:00,316 INFO o.a.j.t.JMeterThread: Thread started: Thread Group 1-32
2023-03-01 23:45:00,916 INFO o.a.j.t.JMeterThread: Thread started: Thread Group 1-33
2023-03-01 23:45:01,501 INFO o.a.j.t.JMeterThread: Thread finished: Thread Group 1-6
2023-03-01 23:45:01,515 INFO o.a.j.t.JMeterThread: Thread started: Thread Group 1-34
2023-03-01 23:45:02,117 INFO o.a.j.t.JMeterThread: Thread started: Thread Group 1-35
2023-03-01 23:45:02,717 INFO o.a.j.t.JMeterThread: Thread started: Thread Group 1-36
2023-03-01 23:45:03,315 INFO o.a.j.t.JMeterThread: Thread started: Thread Group 1-37
2023-03-01 23:45:03,792 INFO o.a.j.t.JMeterThread: Thread finished: Thread Group 1-21
2023-03-01 23:45:03,917 INFO o.a.j.t.JMeterThread: Thread started: Thread Group 1-38
2023-03-01 23:45:04,516 INFO o.a.j.t.JMeterThread: Thread started: Thread Group 1-39
2023-03-01 23:45:05,116 INFO o.a.j.t.JMeterThread: Thread started: Thread Group 1-40
2023-03-01 23:45:05,117 INFO o.a.j.t.JMeterThread: Thread finished: Thread Group 1-40
2023-03-01 23:45:05,345 INFO o.a.j.t.JMeterThread: Thread finished: Thread Group 1-25
2023-03-01 23:45:05,717 INFO o.a.j.t.JMeterThread: Thread started: Thread Group 1-41
2023-03-01 23:45:05,977 INFO o.a.j.t.JMeterThread: Thread finished: Thread Group 1-28
2023-03-01 23:45:06,014 INFO o.a.j.t.JMeterThread: Thread finished: Thread Group 1-8
2023-03-01 23:45:06,095 INFO o.a.j.t.JMeterThread: Thread finished: Thread Group 1-37
2023-03-01 23:45:06,316 INFO o.a.j.t.JMeterThread: Thread started: Thread Group 1-42
2023-03-01 23:45:06,884 INFO o.a.j.t.JMeterThread: Thread finished: Thread Group 1-32
2023-03-01 23:45:06,915 INFO o.a.j.t.JMeterThread: Thread started: Thread Group 1-43
2023-03-01 23:45:07,364 INFO o.a.j.t.JMeterThread: Thread finished: Thread Group 1-38
2023-03-01 23:45:07,516 INFO o.a.j.t.JMeterThread: Thread started: Thread Group 1-44
2023-03-01 23:45:07,517 INFO o.a.j.t.JMeterThread: Thread finished: Thread Group 1-44
2023-03-01 23:45:07,642 INFO o.a.j.t.JMeterThread: Thread finished: Thread Group 1-2
2023-03-01 23:45:07,715 INFO o.a.j.t.JMeterThread: Thread finished: Thread Group 1-14
2023-03-01 23:45:08,102 INFO o.a.j.t.JMeterThread: Thread finished: Thread Group 1-43
2023-03-01 23:45:08,116 INFO o.a.j.t.JMeterThread: Thread started: Thread Group 1-45
2023-03-01 23:45:08,398 INFO o.a.j.t.JMeterThread: Thread finished: Thread Group 1-31
2023-03-01 23:45:08,567 INFO o.a.j.t.JMeterThread: Thread finished: Thread Group 1-17
2023-03-01 23:45:08,573 INFO o.a.j.t.JMeterThread: Thread finished: Thread Group 1-34
2023-03-01 23:45:08,581 INFO o.a.j.t.JMeterThread: Thread finished: Thread Group 1-19
2023-03-01 23:45:08,715 INFO o.a.j.t.JMeterThread: Thread started: Thread Group 1-46
2023-03-01 23:45:08,716 INFO o.a.j.t.JMeterThread: Thread finished: Thread Group 1-46
2023-03-01 23:45:08,936 INFO o.a.j.t.JMeterThread: Thread finished: Thread Group 1-13
2023-03-01 23:45:08,939 INFO o.a.j.t.JMeterThread: Thread finished: Thread Group 1-16
2023-03-01 23:45:08,939 INFO o.a.j.t.JMeterThread: Thread finished: Thread Group 1-15
2023-03-01 23:45:09,161 INFO o.a.j.t.JMeterThread: Thread finished: Thread Group 1-18
2023-03-01 23:45:09,316 INFO o.a.j.t.JMeterThread: Thread started: Thread Group 1-47
2023-03-01 23:45:09,364 INFO o.a.j.t.JMeterThread: Thread finished: Thread Group 1-1
2023-03-01 23:45:09,438 INFO o.a.j.t.JMeterThread: Thread finished: Thread Group 1-35
2023-03-01 23:45:09,916 INFO o.a.j.t.JMeterThread: Thread started: Thread Group 1-48
2023-03-01 23:45:10,172 INFO o.a.j.t.JMeterThread: Thread finished: Thread Group 1-4
2023-03-01 23:45:10,516 INFO o.a.j.t.JMeterThread: Thread started: Thread Group 1-49
2023-03-01 23:45:10,517 INFO o.a.j.t.JMeterThread: Thread finished: Thread Group 1-49
2023-03-01 23:45:10,609 INFO o.a.j.t.JMeterThread: Thread finished: Thread Group 1-9
2023-03-01 23:45:10,662 INFO o.a.j.t.JMeterThread: Thread finished: Thread Group 1-3
2023-03-01 23:45:10,701 INFO o.a.j.t.JMeterThread: Thread finished: Thread Group 1-36
2023-03-01 23:45:10,707 INFO o.a.j.t.JMeterThread: Thread finished: Thread Group 1-41
2023-03-01 23:45:10,730 INFO o.a.j.t.JMeterThread: Thread finished: Thread Group 1-26
2023-03-01 23:45:10,818 INFO o.a.j.t.JMeterThread: Thread finished: Thread Group 1-45
2023-03-01 23:45:10,845 INFO o.a.j.t.JMeterThread: Thread finished: Thread Group 1-10
2023-03-01 23:45:10,903 INFO o.a.j.t.JMeterThread: Thread finished: Thread Group 1-20
2023-03-01 23:45:10,991 INFO o.a.j.t.JMeterThread: Thread finished: Thread Group 1-11
2023-03-01 23:45:11,101 INFO o.a.j.t.JMeterThread: Thread finished: Thread Group 1-23
2023-03-01 23:45:11,116 INFO o.a.j.t.JMeterThread: Thread started: Thread Group 1-50
2023-03-01 23:45:11,117 INFO o.a.j.t.JMeterThread: Thread finished: Thread Group 1-50
2023-03-01 23:45:11,220 INFO o.a.j.t.JMeterThread: Thread finished: Thread Group 1-22
2023-03-01 23:45:11,255 INFO o.a.j.t.JMeterThread: Thread finished: Thread Group 1-42
2023-03-01 23:45:11,393 INFO o.a.j.t.JMeterThread: Thread finished: Thread Group 1-24
2023-03-01 23:45:11,408 INFO o.a.j.t.JMeterThread: Thread finished: Thread Group 1-33
2023-03-01 23:45:11,495 INFO o.a.j.t.JMeterThread: Thread finished: Thread Group 1-48
2023-03-01 23:45:11,506 INFO o.a.j.t.JMeterThread: Thread finished: Thread Group 1-39
2023-03-01 23:45:11,507 INFO o.a.j.t.JMeterThread: Thread finished: Thread Group 1-7
2023-03-01 23:45:11,690 INFO o.a.j.t.JMeterThread: Thread finished: Thread Group 1-27
2023-03-01 23:45:11,755 INFO o.a.j.t.JMeterThread: Stopping because end time detected by thread: Thread Group 1-12
2023-03-01 23:45:11,755 INFO o.a.j.t.JMeterThread: Thread finished: Thread Group 1-12
2023-03-01 23:45:11,784 INFO o.a.j.t.JMeterThread: Stopping because end time detected by thread: Thread Group 1-29
2023-03-01 23:45:11,784 INFO o.a.j.t.JMeterThread: Thread finished: Thread Group 1-29
2023-03-01 23:45:11,824 INFO o.a.j.t.JMeterThread: Stopping because end time detected by thread: Thread Group 1-30
2023-03-01 23:45:11,824 INFO o.a.j.t.JMeterThread: Thread finished: Thread Group 1-30
2023-03-01 23:45:11,858 INFO o.a.j.t.JMeterThread: Stopping because end time detected by thread: Thread Group 1-5
2023-03-01 23:45:11,858 INFO o.a.j.t.JMeterThread: Thread finished: Thread Group 1-5
2023-03-01 23:45:12,046 INFO o.a.j.t.JMeterThread: Stopping because end time detected by thread: Thread Group 1-47
2023-03-01 23:45:12,046 INFO o.a.j.t.JMeterThread: Thread finished: Thread Group 1-47
2023-03-01 23:45:12,046 INFO o.a.j.e.StandardJMeterEngine: Notifying test listeners of end of test
2023-03-01 23:45:12,048 INFO o.a.j.p.h.s.ResourcesDownloader: Creating ResourcesDownloader with keepalive_inseconds : 60
2023-03-01 23:45:12,051 INFO o.a.j.r.Summariser: summary +    114 in 00:00:12 =    9.5/s Avg:   648 Min:   542 Max:  1337 Err:     0 (0.00%) Active: 0 Started: 50 Finished: 50
2023-03-01 23:45:12,051 INFO o.a.j.r.Summariser: summary =    159 in 00:00:30 =    5.2/s Avg:   708 Min:   542 Max:  2873 Err:     0 (0.00%)
